[benogle.com/2009/06/16/simple-css-shiny-progress-bar-technique.html]
[backblue.gif]
[fade.gif]
[index.html]
[benogle.com/css/normalize.css]
[benogle.com/css/basics.css]
[use.typekit.net/lto5auq.js]
[benogle.com/css/code.css]
[ajax.googleapis.com/ajax/libs/jquery/1.7.0/jquery.js]
[benogle.com/js/jquery.lightbox.js]
[benogle.com/css/jquery.lightbox.css]
[benogle.com/images/logo/mark-filled.png]
[benogle.com/images/meter-outline.png]
[platform.twitter.com/widgets.js]
[benogle.com/images/pic/human.png]
[benogle.com/2009/06/16/simple-css-shiny-progress-bar-technique.html]
[benogle.com/css/normalize.css]
[benogle.com/css/basics.css]
[benogle.com/css/code.css]
[benogle.com/js/jquery.lightbox.js]
[benogle.com/css/jquery.lightbox.css]
